<?xml version="1.0" encoding="UTF-8"?>
<!-- Generated by org.testng.reporters.JUnitXMLReporter -->
<testsuite ignored="0" hostname="DESKTOP-2011PF2" failures="0" tests="4" name="Default test" time="5.77" errors="0" timestamp="2025-09-24T20:45:20 IST">
  <testcase classname="Users.PostsAPITests" name="testGetAllPosts" time="2.671"/>
  <testcase classname="Users.PostsAPITests" name="testGetPostById" time="0.588"/>
  <testcase classname="Users.PostsAPITests" name="testCreatePost" time="0.91"/>
  <testcase classname="Users.PostsAPITests" name="testGetPostsByUser" time="0.408"/>
</testsuite> <!-- Default test -->
