<?xml version="1.0" encoding="UTF-8"?>
<testng-results ignored="0" total="4" passed="4" failed="0" skipped="0">
  <reporter-output>
  </reporter-output>
  <suite started-at="2025-09-24T20:45:14 IST" name="Default suite" finished-at="2025-09-24T20:45:20 IST" duration-ms="5770">
    <groups>
    </groups>
    <test started-at="2025-09-24T20:45:14 IST" name="Default test" finished-at="2025-09-24T20:45:20 IST" duration-ms="5770">
      <class name="Users.PostsAPITests">
        <test-method is-config="true" signature="globalSetup()[pri:0, instance:Users.PostsAPITests@5f9edf14]" started-at="2025-09-24T20:45:14 IST" name="globalSetup" finished-at="2025-09-24T20:45:15 IST" duration-ms="626" status="PASS">
          <reporter-output>
          </reporter-output>
        </test-method> <!-- globalSetup -->
        <test-method is-config="true" signature="setupPostsTests()[pri:0, instance:Users.PostsAPITests@5f9edf14]" started-at="2025-09-24T20:45:15 IST" name="setupPostsTests" finished-at="2025-09-24T20:45:15 IST" duration-ms="41" status="PASS">
          <reporter-output>
          </reporter-output>
        </test-method> <!-- setupPostsTests -->
        <test-method is-config="true" signature="setupRequest()[pri:0, instance:Users.PostsAPITests@5f9edf14]" started-at="2025-09-24T20:45:15 IST" name="setupRequest" finished-at="2025-09-24T20:45:16 IST" duration-ms="355" status="PASS">
          <reporter-output>
          </reporter-output>
        </test-method> <!-- setupRequest -->
        <test-method signature="testGetAllPosts()[pri:1, instance:Users.PostsAPITests@5f9edf14]" started-at="2025-09-24T20:45:16 IST" name="testGetAllPosts" finished-at="2025-09-24T20:45:18 IST" duration-ms="2671" status="PASS">
          <reporter-output>
          </reporter-output>
        </test-method> <!-- testGetAllPosts -->
        <test-method is-config="true" signature="setupRequest()[pri:0, instance:Users.PostsAPITests@5f9edf14]" started-at="2025-09-24T20:45:18 IST" name="setupRequest" finished-at="2025-09-24T20:45:18 IST" duration-ms="6" status="PASS">
          <reporter-output>
          </reporter-output>
        </test-method> <!-- setupRequest -->
        <test-method signature="testGetPostById()[pri:2, instance:Users.PostsAPITests@5f9edf14]" started-at="2025-09-24T20:45:18 IST" name="testGetPostById" finished-at="2025-09-24T20:45:19 IST" duration-ms="588" status="PASS">
          <reporter-output>
          </reporter-output>
        </test-method> <!-- testGetPostById -->
        <test-method is-config="true" signature="setupRequest()[pri:0, instance:Users.PostsAPITests@5f9edf14]" started-at="2025-09-24T20:45:19 IST" name="setupRequest" finished-at="2025-09-24T20:45:19 IST" duration-ms="2" status="PASS">
          <reporter-output>
          </reporter-output>
        </test-method> <!-- setupRequest -->
        <test-method signature="testCreatePost()[pri:3, instance:Users.PostsAPITests@5f9edf14]" started-at="2025-09-24T20:45:19 IST" name="testCreatePost" finished-at="2025-09-24T20:45:20 IST" duration-ms="910" status="PASS">
          <reporter-output>
          </reporter-output>
        </test-method> <!-- testCreatePost -->
        <test-method is-config="true" signature="setupRequest()[pri:0, instance:Users.PostsAPITests@5f9edf14]" started-at="2025-09-24T20:45:20 IST" name="setupRequest" finished-at="2025-09-24T20:45:20 IST" duration-ms="2" status="PASS">
          <reporter-output>
          </reporter-output>
        </test-method> <!-- setupRequest -->
        <test-method signature="testGetPostsByUser()[pri:4, instance:Users.PostsAPITests@5f9edf14]" started-at="2025-09-24T20:45:20 IST" name="testGetPostsByUser" finished-at="2025-09-24T20:45:20 IST" duration-ms="408" status="PASS">
          <reporter-output>
          </reporter-output>
        </test-method> <!-- testGetPostsByUser -->
        <test-method is-config="true" signature="tearDownPostsTests()[pri:0, instance:Users.PostsAPITests@5f9edf14]" started-at="2025-09-24T20:45:20 IST" name="tearDownPostsTests" finished-at="2025-09-24T20:45:20 IST" duration-ms="2" status="PASS">
          <reporter-output>
          </reporter-output>
        </test-method> <!-- tearDownPostsTests -->
      </class> <!-- Users.PostsAPITests -->
    </test> <!-- Default test -->
  </suite> <!-- Default suite -->
</testng-results>
