<?xml version="1.0" encoding="UTF-8"?>
<!-- Generated by org.testng.reporters.JUnitXMLReporter -->
<testsuite ignored="2" hostname="DESKTOP-2011PF2" failures="0" tests="2" name="Posts API Smoke Tests" time="2.436" errors="0" timestamp="2025-10-08T12:39:49 IST">
  <testcase classname="Users.PostsAPITests" name="testGetAllPosts" time="1.75"/>
  <testcase classname="Users.PostsAPITests" name="testGetPostById" time="0.653"/>
  <testcase classname="Users.PostsAPITests" name="testGetPostsByUser" time="0.0">
    <ignored/>
  </testcase> <!-- testGetPostsByUser -->
  <testcase classname="Users.PostsAPITests" name="testCreatePost" time="0.0">
    <ignored/>
  </testcase> <!-- testCreatePost -->
</testsuite> <!-- Posts API Smoke Tests -->
