<?xml version="1.0" encoding="UTF-8"?>
<!-- Generated by org.testng.reporters.JUnitXMLReporter -->
<testsuite ignored="4" hostname="DESKTOP-2011PF2" failures="2" tests="5" name="User API Smoke Tests" time="7.28" errors="0" timestamp="2025-10-08T12:39:46 IST">
  <testcase classname="Users.UserAPITests" name="testGetAllUsers" time="2.871">
    <failure type="java.lang.RuntimeException" message="Failed to convert JSON to object">
      <![CDATA[java.lang.RuntimeException: Failed to convert JSON to object
at utils.APIUtils.fromJson(APIUtils.java:34)
at services.UserService.convertToUserResponseArray(UserService.java:130)
at Users.UserAPITests.testGetAllUsers(UserAPITests.java:61)
at java.base/java.util.ArrayList.forEach(ArrayList.java:1511)
Caused by: com.fasterxml.jackson.databind.exc.UnrecognizedPropertyException: Unrecognized field "address" (class mdoels.response.UserResponse), not marked as ignorable (6 known properties: "username", "id", "email", "phone", "name", "website"])
 at [Source: REDACTED (`StreamReadFeature.INCLUDE_SOURCE_IN_LOCATION` disabled); line: 7, column: 17] (through reference chain: java.lang.Object[][0]->mdoels.response.UserResponse["address"])
at com.fasterxml.jackson.databind.exc.UnrecognizedPropertyException.from(UnrecognizedPropertyException.java:61)
at com.fasterxml.jackson.databind.DeserializationContext.handleUnknownProperty(DeserializationContext.java:1153)
at com.fasterxml.jackson.databind.deser.std.StdDeserializer.handleUnknownProperty(StdDeserializer.java:2224)
at com.fasterxml.jackson.databind.deser.BeanDeserializerBase.handleUnknownProperty(BeanDeserializerBase.java:1793)
at com.fasterxml.jackson.databind.deser.BeanDeserializerBase.handleUnknownVanilla(BeanDeserializerBase.java:1771)
at com.fasterxml.jackson.databind.deser.BeanDeserializer.vanillaDeserialize(BeanDeserializer.java:316)
at com.fasterxml.jackson.databind.deser.BeanDeserializer.deserialize(BeanDeserializer.java:177)
at com.fasterxml.jackson.databind.deser.std.ObjectArrayDeserializer.deserialize(ObjectArrayDeserializer.java:217)
at com.fasterxml.jackson.databind.deser.std.ObjectArrayDeserializer.deserialize(ObjectArrayDeserializer.java:27)
at com.fasterxml.jackson.databind.deser.DefaultDeserializationContext.readRootValue(DefaultDeserializationContext.java:342)
at com.fasterxml.jackson.databind.ObjectMapper._readMapAndClose(ObjectMapper.java:4899)
at com.fasterxml.jackson.databind.ObjectMapper.readValue(ObjectMapper.java:3846)
at com.fasterxml.jackson.databind.ObjectMapper.readValue(ObjectMapper.java:3814)
at utils.APIUtils.fromJson(APIUtils.java:32)
... 34 more
... Removed 31 stack frames]]>
    </failure>
  </testcase> <!-- testGetAllUsers -->
  <testcase classname="Users.UserAPITests" name="testGetUserById" time="0.505">
    <failure type="java.lang.RuntimeException" message="Failed to convert JSON to object">
      <![CDATA[java.lang.RuntimeException: Failed to convert JSON to object
at utils.APIUtils.fromJson(APIUtils.java:34)
at services.UserService.convertToUserResponse(UserService.java:123)
at Users.UserAPITests.testGetUserById(UserAPITests.java:92)
at java.base/java.util.ArrayList.forEach(ArrayList.java:1511)
Caused by: com.fasterxml.jackson.databind.exc.UnrecognizedPropertyException: Unrecognized field "address" (class mdoels.response.UserResponse), not marked as ignorable (6 known properties: "username", "id", "email", "phone", "name", "website"])
 at [Source: REDACTED (`StreamReadFeature.INCLUDE_SOURCE_IN_LOCATION` disabled); line: 6, column: 15] (through reference chain: mdoels.response.UserResponse["address"])
at com.fasterxml.jackson.databind.exc.UnrecognizedPropertyException.from(UnrecognizedPropertyException.java:61)
at com.fasterxml.jackson.databind.DeserializationContext.handleUnknownProperty(DeserializationContext.java:1153)
at com.fasterxml.jackson.databind.deser.std.StdDeserializer.handleUnknownProperty(StdDeserializer.java:2224)
at com.fasterxml.jackson.databind.deser.BeanDeserializerBase.handleUnknownProperty(BeanDeserializerBase.java:1793)
at com.fasterxml.jackson.databind.deser.BeanDeserializerBase.handleUnknownVanilla(BeanDeserializerBase.java:1771)
at com.fasterxml.jackson.databind.deser.BeanDeserializer.vanillaDeserialize(BeanDeserializer.java:316)
at com.fasterxml.jackson.databind.deser.BeanDeserializer.deserialize(BeanDeserializer.java:177)
at com.fasterxml.jackson.databind.deser.DefaultDeserializationContext.readRootValue(DefaultDeserializationContext.java:342)
at com.fasterxml.jackson.databind.ObjectMapper._readMapAndClose(ObjectMapper.java:4899)
at com.fasterxml.jackson.databind.ObjectMapper.readValue(ObjectMapper.java:3846)
at com.fasterxml.jackson.databind.ObjectMapper.readValue(ObjectMapper.java:3814)
at utils.APIUtils.fromJson(APIUtils.java:32)
... 34 more
... Removed 31 stack frames]]>
    </failure>
  </testcase> <!-- testGetUserById -->
  <testcase classname="Users.UserAPITests" name="testCreateUser" time="0.642"/>
  <testcase classname="Users.UserAPITests" name="testCreateUser" time="0.603"/>
  <testcase classname="Users.UserAPITests" name="testCreateUser" time="0.606"/>
  <testcase classname="Users.UserAPITests" name="testGetUserNotFound" time="0.0">
    <ignored/>
  </testcase> <!-- testGetUserNotFound -->
  <testcase classname="Users.UserAPITests" name="testUserDataValidation" time="0.0">
    <ignored/>
  </testcase> <!-- testUserDataValidation -->
  <testcase classname="Users.UserAPITests" name="testDeleteUser" time="0.0">
    <ignored/>
  </testcase> <!-- testDeleteUser -->
  <testcase classname="Users.UserAPITests" name="testUpdateUser" time="0.0">
    <ignored/>
  </testcase> <!-- testUpdateUser -->
</testsuite> <!-- User API Smoke Tests -->
